[INFO] [launch]: All log files can be found below /home/cczh/.ros/log/2026-02-09-20-26-25-955816-cczh-MS-7D25-3580550
[INFO] [launch]: Default logging verbosity is set to INFO
Full session manager output: 'Post-processed URDF for Gazebo compatibility
Generated URDF at: /home/cczh/USV_ROS/src/USV_Simulation/install/usv_sim_full/share/usv_sim_full/logs/session_20260209_202626/final_robot.urdf
{"session_path": "/home/cczh/USV_ROS/src/USV_Simulation/install/usv_sim_full/share/usv_sim_full/logs/session_20260209_202626", "urdf_path": "/home/cczh/USV_ROS/src/USV_Simulation/install/usv_sim_full/share/usv_sim_full/logs/session_20260209_202626/final_robot.urdf", "bridge_yaml_path": "/home/cczh/USV_ROS/src/USV_Simulation/install/usv_sim_full/share/usv_sim_full/logs/session_20260209_202626/bridge_config.yaml", "rviz_config_path": "/home/cczh/USV_ROS/src/USV_Simulation/install/usv_sim_full/share/usv_sim_full/logs/session_20260209_202626/session.rviz", "obstacle_layout_path": "/home/cczh/USV_ROS/src/USV_Simulation/install/usv_sim_full/share/usv_sim_full/logs/session_20260209_202626/obstacle_layout.json"}'
Setting GZ_SIM_RESOURCE_PATH to: /home/cczh/USV_ROS/src/USV_Simulation/install/usv_sim_full/share/usv_sim_full/description:/home/cczh/USV_ROS/src/USV_Simulation/install/vrx_gz/share/vrx_gz/models/tmp:/home/cczh/USV_ROS/src/USV_Simulation/install/vrx_gz/share/vrx_gz/models:/home/cczh/USV_ROS/src/USV_Simulation/install/vrx_gz/share/vrx_gz/worlds/2023_phase2:/home/cczh/USV_ROS/src/USV_Simulation/install/vrx_gz/share/vrx_gz/worlds/2023_practice:/home/cczh/USV_ROS/src/USV_Simulation/install/vrx_gz/share/vrx_gz/worlds:/home/cczh/USV_ROS/src/USV_Simulation/install/wamv_description/share/wamv_description/models:/home/cczh/USV_ROS/src/USV_Simulation/install/vrx_gazebo/share/vrx_gazebo/models:/home/cczh/USV_ROS/src/USV_Simulation/install/vrx_gazebo/share/
Setting GAZEBO_MODEL_PATH to: /home/cczh/USV_ROS/src/USV_Simulation/install/usv_sim_full/share/usv_sim_full/description
[INFO] [ruby $(which gz) sim-1]: process started with pid [3580556]
[INFO] [parameter_bridge-2]: process started with pid [3580558]
[INFO] [robot_state_publisher-3]: process started with pid [3580561]
[INFO] [create-4]: process started with pid [3580563]
[INFO] [parameter_bridge-5]: process started with pid [3580565]
[INFO] [obstacle_spawner-6]: process started with pid [3580568]
[INFO] [rviz2-7]: process started with pid [3580570]
[create-4] [INFO] [1770639986.227054669] [ros_gz_sim]: Requesting list of world names.
[robot_state_publisher-3] [WARN] [1770639986.230869493] [kdl_parser]: The root link wamv/base_link has an inertia specified in the URDF, but KDL does not support a root link with an inertia.  As a workaround, you can add an extra dummy link to your URDF.
[robot_state_publisher-3] [INFO] [1770639986.230921151] [robot_state_publisher]: got segment front_lidar_link
[robot_state_publisher-3] [INFO] [1770639986.230945038] [robot_state_publisher]: got segment gps_sensor_link
[robot_state_publisher-3] [INFO] [1770639986.230947836] [robot_state_publisher]: got segment imu_sensor_link
[robot_state_publisher-3] [INFO] [1770639986.230949751] [robot_state_publisher]: got segment main_cam_link
[robot_state_publisher-3] [INFO] [1770639986.230951538] [robot_state_publisher]: got segment wamv/base_link
[robot_state_publisher-3] [INFO] [1770639986.230953242] [robot_state_publisher]: got segment wamv/left_engine_link
[robot_state_publisher-3] [INFO] [1770639986.230955064] [robot_state_publisher]: got segment wamv/left_propeller_link
[robot_state_publisher-3] [INFO] [1770639986.230956841] [robot_state_publisher]: got segment wamv/right_engine_link
[robot_state_publisher-3] [INFO] [1770639986.230958472] [robot_state_publisher]: got segment wamv/right_propeller_link
[rviz2-7] [INFO] [1770639986.615778079] [rviz2]: Stereo is NOT SUPPORTED
[rviz2-7] [INFO] [1770639986.615890248] [rviz2]: OpenGl version: 4.6 (GLSL 4.6)
[rviz2-7] [INFO] [1770639986.624440352] [rviz2]: Stereo is NOT SUPPORTED
[rviz2-7] [ERROR] [1770639986.693133355] [rviz2]: PluginlibFactory: The plugin for class 'rviz_default_plugins/Imu' failed to load. Error: According to the loaded plugin descriptions the class rviz_default_plugins/Imu with base class type rviz_common::Display does not exist. Declared types are  cartographer_rviz/SubmapsDisplay nav2_rviz_plugins/ParticleCloud rviz_default_plugins/AccelStamped rviz_default_plugins/Axes rviz_default_plugins/Camera rviz_default_plugins/DepthCloud rviz_default_plugins/Effort rviz_default_plugins/FluidPressure rviz_default_plugins/Grid rviz_default_plugins/GridCells rviz_default_plugins/Illuminance rviz_default_plugins/Image rviz_default_plugins/InteractiveMarkers rviz_default_plugins/LaserScan rviz_default_plugins/Map rviz_default_plugins/Marker rviz_default_plugins/MarkerArray rviz_default_plugins/Odometry rviz_default_plugins/Path rviz_default_plugins/PointCloud rviz_default_plugins/PointCloud2 rviz_default_plugins/PointStamped rviz_default_plugins/Polygon rviz_default_plugins/Pose rviz_default_plugins/PoseArray rviz_default_plugins/PoseWithCovariance rviz_default_plugins/Range rviz_default_plugins/RelativeHumidity rviz_default_plugins/RobotModel rviz_default_plugins/TF rviz_default_plugins/Temperature rviz_default_plugins/TwistStamped rviz_default_plugins/Wrench
[rviz2-7] [INFO] [1770639986.717710313] [rviz2]: Stereo is NOT SUPPORTED
[parameter_bridge-5] [INFO] [1770639987.225843506] [sensor_bridge]: Creating GZ->ROS Bridge: [/clock (gz.msgs.Clock) -> /clock (rosgraph_msgs/msg/Clock)] (Lazy 0)
[parameter_bridge-5] [INFO] [1770639987.226941857] [sensor_bridge]: Creating GZ->ROS Bridge: [/model/wamv/odometry (gz.msgs.Odometry) -> /model/wamv/odometry (nav_msgs/msg/Odometry)] (Lazy 0)
[parameter_bridge-5] [INFO] [1770639987.229857515] [sensor_bridge]: Creating GZ->ROS Bridge: [/model/wamv/joint_state (gz.msgs.Model) -> /model/wamv/joint_state (sensor_msgs/msg/JointState)] (Lazy 0)
[parameter_bridge-2] [INFO] [1770639987.230995634] [global_bridge]: Creating GZ->ROS Bridge: [/clock (gz.msgs.Clock) -> /clock (rosgraph_msgs/msg/Clock)] (Lazy 0)
[parameter_bridge-5] [INFO] [1770639987.232265656] [sensor_bridge]: Creating GZ->ROS Bridge: [/model/wamv/pose (gz.msgs.Pose_V) -> /model/wamv/pose (tf2_msgs/msg/TFMessage)] (Lazy 0)
[parameter_bridge-5] [INFO] [1770639987.234527605] [sensor_bridge]: Creating GZ->ROS Bridge: [/world/sydney_regatta/model/wamv/sensor/lidar/front/points (gz.msgs.PointCloudPacked) -> /sensors/lidar/front/points (sensor_msgs/msg/PointCloud2)] (Lazy 0)
[parameter_bridge-5] [INFO] [1770639987.235905180] [sensor_bridge]: Creating GZ->ROS Bridge: [/world/sydney_regatta/model/wamv/sensor/camera/front/image_raw (gz.msgs.Image) -> /sensors/camera/front/image_raw (sensor_msgs/msg/Image)] (Lazy 0)
[parameter_bridge-5] [INFO] [1770639987.238455243] [sensor_bridge]: Creating GZ->ROS Bridge: [/world/sydney_regatta/model/wamv/sensor/camera/front/camera_info (gz.msgs.CameraInfo) -> /sensors/camera/front/camera_info (sensor_msgs/msg/CameraInfo)] (Lazy 0)
[parameter_bridge-5] [INFO] [1770639987.239968365] [sensor_bridge]: Creating GZ->ROS Bridge: [/world/sydney_regatta/model/wamv/sensor/imu/data (gz.msgs.IMU) -> /sensors/imu/data (sensor_msgs/msg/Imu)] (Lazy 0)
[parameter_bridge-5] [INFO] [1770639987.241203516] [sensor_bridge]: Creating GZ->ROS Bridge: [/world/sydney_regatta/model/wamv/sensor/gps/data (gz.msgs.NavSat) -> /sensors/gps/data (sensor_msgs/msg/NavSatFix)] (Lazy 0)
[create-4] [INFO] [1770639987.293687155] [ros_gz_sim]: Requested creation of entity.
[create-4] [INFO] [1770639987.293771858] [ros_gz_sim]: OK creation of entity.
[INFO] [create-4]: process has finished cleanly [pid 3580563]
[obstacle_spawner-6] Successfully spawned obstacle buoy_start
[INFO] [obstacle_spawner-6]: process has finished cleanly [pid 3580568]
[ruby $(which gz) sim-1] libEGL warning: egl: failed to create dri2 screen
[ruby $(which gz) sim-1] libEGL warning: egl: failed to create dri2 screen
[ruby $(which gz) sim-1] [1;31m[Err] [UserCommands.cc:928] [0m[1;31mError Code [0m[1;31m1[0m[1;31m: [0m[1;31mMsg: [0m[1;31mError finding file [/tmp/tmptkzl6juo.sdf].[0m[1;31m[0m
[ruby $(which gz) sim-1] [1;31m[Err] [UserCommands.cc:928] [0m[1;31mError Code [0m[1;31m1[0m[1;31m: [0m[1;31mMsg: [0m[1;31mUnable to read file: [/tmp/tmptkzl6juo.sdf][0m[1;31m[0m
[ruby $(which gz) sim-1] [1;33mWarning [Utils.cc:132][0m [/sdf/model[@name="WAM-V-No-Battery"]/link[@name="wamv/base_link"]/plugin[@name="gz::sim::systems::Lidar"]:/home/cczh/USV_ROS/src/USV_Simulation/install/usv_sim_full/share/usv_sim_full/logs/session_20260209_202626/final_robot.urdf:L0]: XML Element[plugin], child of element[link], not defined in SDF. Copying[plugin] as children of [link].
[ruby $(which gz) sim-1] [1;33mWarning [Utils.cc:132][0m [/sdf/model[@name="WAM-V-No-Battery"]/link[@name="wamv/base_link"]/plugin[@name="gz::sim::systems::GNSS"]:/home/cczh/USV_ROS/src/USV_Simulation/install/usv_sim_full/share/usv_sim_full/logs/session_20260209_202626/final_robot.urdf:L0]: XML Element[plugin], child of element[link], not defined in SDF. Copying[plugin] as children of [link].
[ruby $(which gz) sim-1] [1;33mWarning [Utils.cc:132][0m [/sdf/model[@name="WAM-V-No-Battery"]/link[@name="wamv/base_link"]/plugin[@name="gz::sim::systems::ImuSensor"]:/home/cczh/USV_ROS/src/USV_Simulation/install/usv_sim_full/share/usv_sim_full/logs/session_20260209_202626/final_robot.urdf:L0]: XML Element[plugin], child of element[link], not defined in SDF. Copying[plugin] as children of [link].
[ruby $(which gz) sim-1] [1;33mWarning [Utils.cc:132][0m [/sdf/model[@name="WAM-V-No-Battery"]/link[@name="wamv/base_link"]/plugin[@name="gz::sim::systems::CameraSensor"]:/home/cczh/USV_ROS/src/USV_Simulation/install/usv_sim_full/share/usv_sim_full/logs/session_20260209_202626/final_robot.urdf:L0]: XML Element[plugin], child of element[link], not defined in SDF. Copying[plugin] as children of [link].
[ruby $(which gz) sim-1] [1;33mWarning [Utils.cc:132][0m [/sdf/plugin[@name="vrx::WaveVisual"]:<data-string>:L1]: XML Element[plugin], child of element[sdf], not defined in SDF. Copying[plugin] as children of [sdf].
[ruby $(which gz) sim-1] libEGL warning: egl: failed to create dri2 screen
[ruby $(which gz) sim-1] libEGL warning: egl: failed to create dri2 screen
[ruby $(which gz) sim-1] [1;33mWarning [Utils.cc:132][0m [/sdf/model[@name="WAM-V-No-Battery"]/link[@name="wamv/base_link"]/plugin[@name="gz::sim::systems::Lidar"]:<data-string>:L627]: XML Element[plugin], child of element[link], not defined in SDF. Copying[plugin] as children of [link].
[ruby $(which gz) sim-1] [1;33mWarning [Utils.cc:132][0m [/sdf/model[@name="WAM-V-No-Battery"]/link[@name="wamv/base_link"]/plugin[@name="gz::sim::systems::GNSS"]:<data-string>:L631]: XML Element[plugin], child of element[link], not defined in SDF. Copying[plugin] as children of [link].
[ruby $(which gz) sim-1] [1;33mWarning [Utils.cc:132][0m [/sdf/model[@name="WAM-V-No-Battery"]/link[@name="wamv/base_link"]/plugin[@name="gz::sim::systems::ImuSensor"]:<data-string>:L635]: XML Element[plugin], child of element[link], not defined in SDF. Copying[plugin] as children of [link].
[ruby $(which gz) sim-1] [1;33mWarning [Utils.cc:132][0m [/sdf/model[@name="WAM-V-No-Battery"]/link[@name="wamv/base_link"]/plugin[@name="gz::sim::systems::CameraSensor"]:<data-string>:L639]: XML Element[plugin], child of element[link], not defined in SDF. Copying[plugin] as children of [link].
[ruby $(which gz) sim-1] [1;31m[Err] [SystemPaths.cc:425] [0m[1;31mUnable to find file with URI [[0m[1;31mmodel://wamv_description/models/WAM-V-Base/mesh/WAM-V_Roughness.png[0m[1;31m][0m[1;31m[0m
[ruby $(which gz) sim-1] [1;31m[Err] [SystemPaths.cc:525] [0m[1;31mCould not resolve file [[0m[1;31mmodel://wamv_description/models/WAM-V-Base/mesh/WAM-V_Roughness.png[0m[1;31m][0m[1;31m[0m
[ruby $(which gz) sim-1] [1;31m[Err] [SceneManager.cc:880] [0m[1;31mUnable to find file [[0m[1;31mmodel://wamv_description/models/WAM-V-Base/mesh/WAM-V_Roughness.png[0m[1;31m][0m
[ruby $(which gz) sim-1] [1;31m[Err] [SystemPaths.cc:425] [0m[1;31mUnable to find file with URI [[0m[1;31mmodel://wamv_description/models/WAM-V-Base/mesh/WAM-V_Metalness.png[0m[1;31m][0m[1;31m[0m
[ruby $(which gz) sim-1] [1;31m[Err] [SystemPaths.cc:525] [0m[1;31mCould not resolve file [[0m[1;31mmodel://wamv_description/models/WAM-V-Base/mesh/WAM-V_Metalness.png[0m[1;31m][0m[1;31m[0m
[ruby $(which gz) sim-1] [1;31m[Err] [SceneManager.cc:892] [0m[1;31mUnable to find file [[0m[1;31mmodel://wamv_description/models/WAM-V-Base/mesh/WAM-V_Metalness.png[0m[1;31m][0m
[ruby $(which gz) sim-1] [1;31m[Err] [SystemPaths.cc:425] [0m[1;31mUnable to find file with URI [[0m[1;31mmodel://wamv_description/models/WAM-V-Base/mesh/WAM-V_Albedo.png[0m[1;31m][0m[1;31m[0m
[ruby $(which gz) sim-1] [1;31m[Err] [SystemPaths.cc:525] [0m[1;31mCould not resolve file [[0m[1;31mmodel://wamv_description/models/WAM-V-Base/mesh/WAM-V_Albedo.png[0m[1;31m][0m[1;31m[0m
[ruby $(which gz) sim-1] [1;31m[Err] [SceneManager.cc:928] [0m[1;31mUnable to find file [[0m[1;31mmodel://wamv_description/models/WAM-V-Base/mesh/WAM-V_Albedo.png[0m[1;31m][0m
[ruby $(which gz) sim-1] [1;31m[Err] [SystemPaths.cc:425] [0m[1;31mUnable to find file with URI [[0m[1;31mmodel://wamv_description/models/WAM-V-Base/mesh/WAM-V_Normal.png[0m[1;31m][0m[1;31m[0m
[ruby $(which gz) sim-1] [1;31m[Err] [SystemPaths.cc:525] [0m[1;31mCould not resolve file [[0m[1;31mmodel://wamv_description/models/WAM-V-Base/mesh/WAM-V_Normal.png[0m[1;31m][0m[1;31m[0m
[ruby $(which gz) sim-1] [1;31m[Err] [SceneManager.cc:940] [0m[1;31mUnable to find file [[0m[1;31mmodel://wamv_description/models/WAM-V-Base/mesh/WAM-V_Normal.png[0m[1;31m][0m
[ruby $(which gz) sim-1] [1;31m[GUI] [Err] [SystemPaths.cc:425] [0m[1;31mUnable to find file with URI [[0m[1;31mmodel://wamv_description/models/WAM-V-Base/mesh/WAM-V_Roughness.png[0m[1;31m][0m[1;31m[0m
[ruby $(which gz) sim-1] [1;31m[GUI] [Err] [SystemPaths.cc:525] [0m[1;31mCould not resolve file [[0m[1;31mmodel://wamv_description/models/WAM-V-Base/mesh/WAM-V_Roughness.png[0m[1;31m][0m[1;31m[0m
[ruby $(which gz) sim-1] [1;31m[GUI] [Err] [SceneManager.cc:880] [0m[1;31mUnable to find file [[0m[1;31mmodel://wamv_description/models/WAM-V-Base/mesh/WAM-V_Roughness.png[0m[1;31m][0m
[ruby $(which gz) sim-1] [1;31m[GUI] [Err] [SystemPaths.cc:425] [0m[1;31mUnable to find file with URI [[0m[1;31mmodel://wamv_description/models/WAM-V-Base/mesh/WAM-V_Metalness.png[0m[1;31m][0m[1;31m[0m
[ruby $(which gz) sim-1] [1;31m[GUI] [Err] [SystemPaths.cc:525] [0m[1;31mCould not resolve file [[0m[1;31mmodel://wamv_description/models/WAM-V-Base/mesh/WAM-V_Metalness.png[0m[1;31m][0m[1;31m[0m
[ruby $(which gz) sim-1] [1;31m[GUI] [Err] [SceneManager.cc:892] [0m[1;31mUnable to find file [[0m[1;31mmodel://wamv_description/models/WAM-V-Base/mesh/WAM-V_Metalness.png[0m[1;31m][0m
[ruby $(which gz) sim-1] [1;31m[GUI] [Err] [SystemPaths.cc:425] [0m[1;31mUnable to find file with URI [[0m[1;31mmodel://wamv_description/models/WAM-V-Base/mesh/WAM-V_Albedo.png[0m[1;31m][0m[1;31m[0m
[ruby $(which gz) sim-1] [1;31m[GUI] [Err] [SystemPaths.cc:525] [0m[1;31mCould not resolve file [[0m[1;31mmodel://wamv_description/models/WAM-V-Base/mesh/WAM-V_Albedo.png[0m[1;31m][0m[1;31m[0m
[ruby $(which gz) sim-1] [1;31m[GUI] [Err] [SceneManager.cc:928] [0m[1;31mUnable to find file [[0m[1;31mmodel://wamv_description/models/WAM-V-Base/mesh/WAM-V_Albedo.png[0m[1;31m][0m
[ruby $(which gz) sim-1] [1;31m[GUI] [Err] [SystemPaths.cc:425] [0m[1;31mUnable to find file with URI [[0m[1;31mmodel://wamv_description/models/WAM-V-Base/mesh/WAM-V_Normal.png[0m[1;31m][0m[1;31m[0m
[ruby $(which gz) sim-1] [1;31m[GUI] [Err] [SystemPaths.cc:525] [0m[1;31mCould not resolve file [[0m[1;31mmodel://wamv_description/models/WAM-V-Base/mesh/WAM-V_Normal.png[0m[1;31m][0m[1;31m[0m
[ruby $(which gz) sim-1] [1;31m[GUI] [Err] [SceneManager.cc:940] [0m[1;31mUnable to find file [[0m[1;31mmodel://wamv_description/models/WAM-V-Base/mesh/WAM-V_Normal.png[0m[1;31m][0m
[INFO] [rviz2-7]: process has finished cleanly [pid 3580570]
[INFO] [ruby $(which gz) sim-1]: process has finished cleanly [pid 3580556]
[INFO] [launch]: process[ruby $(which gz) sim-1] was required: shutting down launched system
[INFO] [parameter_bridge-5]: sending signal 'SIGINT' to process[parameter_bridge-5]
[INFO] [robot_state_publisher-3]: sending signal 'SIGINT' to process[robot_state_publisher-3]
[INFO] [parameter_bridge-2]: sending signal 'SIGINT' to process[parameter_bridge-2]
[parameter_bridge-5] [INFO] [1770640040.031652757] [rclcpp]: signal_handler(signum=2)
[robot_state_publisher-3] [INFO] [1770640040.032397411] [rclcpp]: signal_handler(signum=2)
[parameter_bridge-2] [INFO] [1770640040.032990336] [rclcpp]: signal_handler(signum=2)
[INFO] [parameter_bridge-5]: process has finished cleanly [pid 3580565]
[INFO] [robot_state_publisher-3]: process has finished cleanly [pid 3580561]
[INFO] [parameter_bridge-2]: process has finished cleanly [pid 3580558]
